                              1 ;--------------------------------------------------------
                              2 ; File Created by SDCC : free open source ANSI-C Compiler
                              3 ; Version 2.9.0 #5416 (Mar 22 2009) (MINGW32)
                              4 ; This file was generated Thu Jan 24 01:04:33 2019
                              5 ;--------------------------------------------------------
                              6 	.module i2c
                              7 	.optsdcc -mmcs51 --model-small
                              8 	
                              9 ;--------------------------------------------------------
                             10 ; Public variables in this module
                             11 ;--------------------------------------------------------
                             12 	.globl _RecvByte
                             13 	.globl _SPR0
                             14 	.globl _SPR1
                             15 	.globl _CPHA
                             16 	.globl _CPOL
                             17 	.globl _SPIM
                             18 	.globl _SPE
                             19 	.globl _WCOL
                             20 	.globl _ISPI
                             21 	.globl _I2CI
                             22 	.globl _I2CTX
                             23 	.globl _I2CRS
                             24 	.globl _I2CM
                             25 	.globl _MDI
                             26 	.globl _MCO
                             27 	.globl _MDE
                             28 	.globl _MDO
                             29 	.globl _CS0
                             30 	.globl _CS1
                             31 	.globl _CS2
                             32 	.globl _CS3
                             33 	.globl _SCONV
                             34 	.globl _CCONV
                             35 	.globl _DMA
                             36 	.globl _ADCI
                             37 	.globl _P
                             38 	.globl _F1
                             39 	.globl _OV
                             40 	.globl _RS0
                             41 	.globl _RS1
                             42 	.globl _F0
                             43 	.globl _AC
                             44 	.globl _CY
                             45 	.globl _CAP2
                             46 	.globl _CNT2
                             47 	.globl _TR2
                             48 	.globl _XEN
                             49 	.globl _TCLK
                             50 	.globl _RCLK
                             51 	.globl _EXF2
                             52 	.globl _TF2
                             53 	.globl _WDE
                             54 	.globl _WDS
                             55 	.globl _WDR2
                             56 	.globl _WDR1
                             57 	.globl _PRE0
                             58 	.globl _PRE1
                             59 	.globl _PRE2
                             60 	.globl _PX0
                             61 	.globl _PT0
                             62 	.globl _PX1
                             63 	.globl _PT1
                             64 	.globl _PS
                             65 	.globl _PT2
                             66 	.globl _PADC
                             67 	.globl _PSI
                             68 	.globl _RXD
                             69 	.globl _TXD
                             70 	.globl _INT0
                             71 	.globl _INT1
                             72 	.globl _T0
                             73 	.globl _T1
                             74 	.globl _WR
                             75 	.globl _RD
                             76 	.globl _EX0
                             77 	.globl _ET0
                             78 	.globl _EX1
                             79 	.globl _ET1
                             80 	.globl _ES
                             81 	.globl _ET2
                             82 	.globl _EADC
                             83 	.globl _EA
                             84 	.globl _RI
                             85 	.globl _TI
                             86 	.globl _RB8
                             87 	.globl _TB8
                             88 	.globl _REN
                             89 	.globl _SM2
                             90 	.globl _SM1
                             91 	.globl _SM0
                             92 	.globl _T2
                             93 	.globl _T2EX
                             94 	.globl _IT0
                             95 	.globl _IE0
                             96 	.globl _IT1
                             97 	.globl _IE1
                             98 	.globl _TR0
                             99 	.globl _TF0
                            100 	.globl _TR1
                            101 	.globl _TF1
                            102 	.globl _DACCON
                            103 	.globl _DAC1H
                            104 	.globl _DAC1L
                            105 	.globl _DAC0H
                            106 	.globl _DAC0L
                            107 	.globl _SPICON
                            108 	.globl _SPIDAT
                            109 	.globl _ADCCON3
                            110 	.globl _ADCGAINH
                            111 	.globl _ADCGAINL
                            112 	.globl _ADCOFSH
                            113 	.globl _ADCOFSL
                            114 	.globl _B
                            115 	.globl _ADCCON1
                            116 	.globl _I2CCON
                            117 	.globl _ACC
                            118 	.globl _PSMCON
                            119 	.globl _ADCDATAH
                            120 	.globl _ADCDATAL
                            121 	.globl _ADCCON2
                            122 	.globl _DMAP
                            123 	.globl _DMAH
                            124 	.globl _DMAL
                            125 	.globl _PSW
                            126 	.globl _TH2
                            127 	.globl _TL2
                            128 	.globl _RCAP2H
                            129 	.globl _RCAP2L
                            130 	.globl _T2CON
                            131 	.globl _EADRL
                            132 	.globl _WDCON
                            133 	.globl _EDATA4
                            134 	.globl _EDATA3
                            135 	.globl _EDATA2
                            136 	.globl _EDATA1
                            137 	.globl _ETIM3
                            138 	.globl _ETIM2
                            139 	.globl _ETIM1
                            140 	.globl _ECON
                            141 	.globl _IP
                            142 	.globl _P3
                            143 	.globl _IE2
                            144 	.globl _IE
                            145 	.globl _P2
                            146 	.globl _I2CADD
                            147 	.globl _I2CDAT
                            148 	.globl _SBUF
                            149 	.globl _SCON
                            150 	.globl _P1
                            151 	.globl _TH1
                            152 	.globl _TH0
                            153 	.globl _TL1
                            154 	.globl _TL0
                            155 	.globl _TMOD
                            156 	.globl _TCON
                            157 	.globl _PCON
                            158 	.globl _DPP
                            159 	.globl _DPH
                            160 	.globl _DPL
                            161 	.globl _SP
                            162 	.globl _P0
                            163 	.globl _GetAck
                            164 	.globl _ReceiveBlock
                            165 	.globl _TransmitBlock
                            166 ;--------------------------------------------------------
                            167 ; special function registers
                            168 ;--------------------------------------------------------
                            169 	.area RSEG    (DATA)
                    0080    170 _P0	=	0x0080
                    0081    171 _SP	=	0x0081
                    0082    172 _DPL	=	0x0082
                    0083    173 _DPH	=	0x0083
                    0084    174 _DPP	=	0x0084
                    0087    175 _PCON	=	0x0087
                    0088    176 _TCON	=	0x0088
                    0089    177 _TMOD	=	0x0089
                    008A    178 _TL0	=	0x008a
                    008B    179 _TL1	=	0x008b
                    008C    180 _TH0	=	0x008c
                    008D    181 _TH1	=	0x008d
                    0090    182 _P1	=	0x0090
                    0098    183 _SCON	=	0x0098
                    0099    184 _SBUF	=	0x0099
                    009A    185 _I2CDAT	=	0x009a
                    009B    186 _I2CADD	=	0x009b
                    00A0    187 _P2	=	0x00a0
                    00A8    188 _IE	=	0x00a8
                    00A9    189 _IE2	=	0x00a9
                    00B0    190 _P3	=	0x00b0
                    00B8    191 _IP	=	0x00b8
                    00B9    192 _ECON	=	0x00b9
                    00BA    193 _ETIM1	=	0x00ba
                    00BB    194 _ETIM2	=	0x00bb
                    00C4    195 _ETIM3	=	0x00c4
                    00BC    196 _EDATA1	=	0x00bc
                    00BD    197 _EDATA2	=	0x00bd
                    00BE    198 _EDATA3	=	0x00be
                    00BF    199 _EDATA4	=	0x00bf
                    00C0    200 _WDCON	=	0x00c0
                    00C6    201 _EADRL	=	0x00c6
                    00C8    202 _T2CON	=	0x00c8
                    00CA    203 _RCAP2L	=	0x00ca
                    00CB    204 _RCAP2H	=	0x00cb
                    00CC    205 _TL2	=	0x00cc
                    00CD    206 _TH2	=	0x00cd
                    00D0    207 _PSW	=	0x00d0
                    00D2    208 _DMAL	=	0x00d2
                    00D3    209 _DMAH	=	0x00d3
                    00D4    210 _DMAP	=	0x00d4
                    00D8    211 _ADCCON2	=	0x00d8
                    00D9    212 _ADCDATAL	=	0x00d9
                    00DA    213 _ADCDATAH	=	0x00da
                    00DF    214 _PSMCON	=	0x00df
                    00E0    215 _ACC	=	0x00e0
                    00E8    216 _I2CCON	=	0x00e8
                    00EF    217 _ADCCON1	=	0x00ef
                    00F0    218 _B	=	0x00f0
                    00F1    219 _ADCOFSL	=	0x00f1
                    00F2    220 _ADCOFSH	=	0x00f2
                    00F3    221 _ADCGAINL	=	0x00f3
                    00F4    222 _ADCGAINH	=	0x00f4
                    00F5    223 _ADCCON3	=	0x00f5
                    00F7    224 _SPIDAT	=	0x00f7
                    00F8    225 _SPICON	=	0x00f8
                    00F9    226 _DAC0L	=	0x00f9
                    00FA    227 _DAC0H	=	0x00fa
                    00FB    228 _DAC1L	=	0x00fb
                    00FC    229 _DAC1H	=	0x00fc
                    00FD    230 _DACCON	=	0x00fd
                            231 ;--------------------------------------------------------
                            232 ; special function bits
                            233 ;--------------------------------------------------------
                            234 	.area RSEG    (DATA)
                    008F    235 _TF1	=	0x008f
                    008E    236 _TR1	=	0x008e
                    008D    237 _TF0	=	0x008d
                    008C    238 _TR0	=	0x008c
                    008B    239 _IE1	=	0x008b
                    008A    240 _IT1	=	0x008a
                    0089    241 _IE0	=	0x0089
                    0088    242 _IT0	=	0x0088
                    0091    243 _T2EX	=	0x0091
                    0090    244 _T2	=	0x0090
                    009F    245 _SM0	=	0x009f
                    009E    246 _SM1	=	0x009e
                    009D    247 _SM2	=	0x009d
                    009C    248 _REN	=	0x009c
                    009B    249 _TB8	=	0x009b
                    009A    250 _RB8	=	0x009a
                    0099    251 _TI	=	0x0099
                    0098    252 _RI	=	0x0098
                    00AF    253 _EA	=	0x00af
                    00AE    254 _EADC	=	0x00ae
                    00AD    255 _ET2	=	0x00ad
                    00AC    256 _ES	=	0x00ac
                    00AB    257 _ET1	=	0x00ab
                    00AA    258 _EX1	=	0x00aa
                    00A9    259 _ET0	=	0x00a9
                    00A8    260 _EX0	=	0x00a8
                    00B7    261 _RD	=	0x00b7
                    00B6    262 _WR	=	0x00b6
                    00B5    263 _T1	=	0x00b5
                    00B4    264 _T0	=	0x00b4
                    00B3    265 _INT1	=	0x00b3
                    00B2    266 _INT0	=	0x00b2
                    00B1    267 _TXD	=	0x00b1
                    00B0    268 _RXD	=	0x00b0
                    00BF    269 _PSI	=	0x00bf
                    00BE    270 _PADC	=	0x00be
                    00BD    271 _PT2	=	0x00bd
                    00BC    272 _PS	=	0x00bc
                    00BB    273 _PT1	=	0x00bb
                    00BA    274 _PX1	=	0x00ba
                    00B9    275 _PT0	=	0x00b9
                    00B8    276 _PX0	=	0x00b8
                    00C7    277 _PRE2	=	0x00c7
                    00C6    278 _PRE1	=	0x00c6
                    00C5    279 _PRE0	=	0x00c5
                    00C3    280 _WDR1	=	0x00c3
                    00C2    281 _WDR2	=	0x00c2
                    00C1    282 _WDS	=	0x00c1
                    00C0    283 _WDE	=	0x00c0
                    00CF    284 _TF2	=	0x00cf
                    00CE    285 _EXF2	=	0x00ce
                    00CD    286 _RCLK	=	0x00cd
                    00CC    287 _TCLK	=	0x00cc
                    00CB    288 _XEN	=	0x00cb
                    00CA    289 _TR2	=	0x00ca
                    00C9    290 _CNT2	=	0x00c9
                    00C8    291 _CAP2	=	0x00c8
                    00D7    292 _CY	=	0x00d7
                    00D6    293 _AC	=	0x00d6
                    00D5    294 _F0	=	0x00d5
                    00D4    295 _RS1	=	0x00d4
                    00D3    296 _RS0	=	0x00d3
                    00D2    297 _OV	=	0x00d2
                    00D1    298 _F1	=	0x00d1
                    00D0    299 _P	=	0x00d0
                    00DF    300 _ADCI	=	0x00df
                    00DE    301 _DMA	=	0x00de
                    00DD    302 _CCONV	=	0x00dd
                    00DC    303 _SCONV	=	0x00dc
                    00DB    304 _CS3	=	0x00db
                    00DA    305 _CS2	=	0x00da
                    00D9    306 _CS1	=	0x00d9
                    00D8    307 _CS0	=	0x00d8
                    00EF    308 _MDO	=	0x00ef
                    00EE    309 _MDE	=	0x00ee
                    00ED    310 _MCO	=	0x00ed
                    00EC    311 _MDI	=	0x00ec
                    00EB    312 _I2CM	=	0x00eb
                    00EA    313 _I2CRS	=	0x00ea
                    00E9    314 _I2CTX	=	0x00e9
                    00E8    315 _I2CI	=	0x00e8
                    00FF    316 _ISPI	=	0x00ff
                    00FE    317 _WCOL	=	0x00fe
                    00FD    318 _SPE	=	0x00fd
                    00FC    319 _SPIM	=	0x00fc
                    00FB    320 _CPOL	=	0x00fb
                    00FA    321 _CPHA	=	0x00fa
                    00F9    322 _SPR1	=	0x00f9
                    00F8    323 _SPR0	=	0x00f8
                            324 ;--------------------------------------------------------
                            325 ; overlayable register banks
                            326 ;--------------------------------------------------------
                            327 	.area REG_BANK_0	(REL,OVR,DATA)
   0000                     328 	.ds 8
                            329 ;--------------------------------------------------------
                            330 ; internal ram data
                            331 ;--------------------------------------------------------
                            332 	.area DSEG    (DATA)
                            333 ;--------------------------------------------------------
                            334 ; overlayable items in internal ram 
                            335 ;--------------------------------------------------------
                            336 	.area OSEG    (OVR,DATA)
                            337 ;--------------------------------------------------------
                            338 ; indirectly addressable internal ram data
                            339 ;--------------------------------------------------------
                            340 	.area ISEG    (DATA)
                            341 ;--------------------------------------------------------
                            342 ; absolute internal ram data
                            343 ;--------------------------------------------------------
                            344 	.area IABS    (ABS,DATA)
                            345 	.area IABS    (ABS,DATA)
                            346 ;--------------------------------------------------------
                            347 ; bit data
                            348 ;--------------------------------------------------------
                            349 	.area BSEG    (BIT)
                            350 ;--------------------------------------------------------
                            351 ; paged external ram data
                            352 ;--------------------------------------------------------
                            353 	.area PSEG    (PAG,XDATA)
                            354 ;--------------------------------------------------------
                            355 ; external ram data
                            356 ;--------------------------------------------------------
                            357 	.area XSEG    (XDATA)
                            358 ;--------------------------------------------------------
                            359 ; absolute external ram data
                            360 ;--------------------------------------------------------
                            361 	.area XABS    (ABS,XDATA)
                            362 ;--------------------------------------------------------
                            363 ; external initialized ram data
                            364 ;--------------------------------------------------------
                            365 	.area XISEG   (XDATA)
                            366 	.area HOME    (CODE)
                            367 	.area GSINIT0 (CODE)
                            368 	.area GSINIT1 (CODE)
                            369 	.area GSINIT2 (CODE)
                            370 	.area GSINIT3 (CODE)
                            371 	.area GSINIT4 (CODE)
                            372 	.area GSINIT5 (CODE)
                            373 	.area GSINIT  (CODE)
                            374 	.area GSFINAL (CODE)
                            375 	.area CSEG    (CODE)
                            376 ;--------------------------------------------------------
                            377 ; global & static initialisations
                            378 ;--------------------------------------------------------
                            379 	.area HOME    (CODE)
                            380 	.area GSINIT  (CODE)
                            381 	.area GSFINAL (CODE)
                            382 	.area GSINIT  (CODE)
                            383 ;--------------------------------------------------------
                            384 ; Home
                            385 ;--------------------------------------------------------
                            386 	.area HOME    (CODE)
                            387 	.area HOME    (CODE)
                            388 ;--------------------------------------------------------
                            389 ; code
                            390 ;--------------------------------------------------------
                            391 	.area CSEG    (CODE)
                            392 ;------------------------------------------------------------
                            393 ;Allocation info for local variables in function 'Delay'
                            394 ;------------------------------------------------------------
                            395 ;ch                        Allocated to registers r2 
                            396 ;------------------------------------------------------------
                            397 ;	SRC/i2c.c:49: static void Delay(void)
                            398 ;	-----------------------------------------
                            399 ;	 function Delay
                            400 ;	-----------------------------------------
   0000                     401 _Delay:
                    0002    402 	ar2 = 0x02
                    0003    403 	ar3 = 0x03
                    0004    404 	ar4 = 0x04
                    0005    405 	ar5 = 0x05
                    0006    406 	ar6 = 0x06
                    0007    407 	ar7 = 0x07
                    0000    408 	ar0 = 0x00
                    0001    409 	ar1 = 0x01
                            410 ;	SRC/i2c.c:53: while(ch++ < 2);
   0000 7A 00               411 	mov	r2,#0x00
   0002                     412 00101$:
   0002 8A 03               413 	mov	ar3,r2
   0004 0A                  414 	inc	r2
   0005 C3                  415 	clr	c
   0006 EB                  416 	mov	a,r3
   0007 64 80               417 	xrl	a,#0x80
   0009 94 82               418 	subb	a,#0x82
   000B 40 F5               419 	jc	00101$
   000D 22                  420 	ret
                            421 ;------------------------------------------------------------
                            422 ;Allocation info for local variables in function 'SendByte'
                            423 ;------------------------------------------------------------
                            424 ;ch                        Allocated to registers r2 
                            425 ;cnt                       Allocated to registers r3 
                            426 ;ack                       Allocated to registers 
                            427 ;------------------------------------------------------------
                            428 ;	SRC/i2c.c:66: static bit SendByte(unsigned char ch)//Returns ack (0 = acknowledged)
                            429 ;	-----------------------------------------
                            430 ;	 function SendByte
                            431 ;	-----------------------------------------
   000E                     432 _SendByte:
   000E AA 82               433 	mov	r2,dpl
                            434 ;	SRC/i2c.c:71: MDE=1;//Output
   0010 D2 EE               435 	setb	_MDE
                            436 ;	SRC/i2c.c:72: MCO=0;
   0012 C2 ED               437 	clr	_MCO
                            438 ;	SRC/i2c.c:73: for(cnt=0; cnt<8; cnt++,ch<<=1)
   0014 7B 00               439 	mov	r3,#0x00
   0016                     440 00101$:
   0016 C3                  441 	clr	c
   0017 EB                  442 	mov	a,r3
   0018 64 80               443 	xrl	a,#0x80
   001A 94 88               444 	subb	a,#0x88
   001C 50 19               445 	jnc	00104$
                            446 ;	SRC/i2c.c:75: MDO=(ch&0x80)?1:0;
   001E EA                  447 	mov	a,r2
   001F 33                  448 	rlc	a
   0020 92 EF               449 	mov	_MDO,c
                            450 ;	SRC/i2c.c:76: MCO=1;
   0022 D2 ED               451 	setb	_MCO
                            452 ;	SRC/i2c.c:77: Delay();
   0024 C0 02               453 	push	ar2
   0026 C0 03               454 	push	ar3
   0028 12s00r00            455 	lcall	_Delay
   002B D0 03               456 	pop	ar3
   002D D0 02               457 	pop	ar2
                            458 ;	SRC/i2c.c:78: MCO=0;
   002F C2 ED               459 	clr	_MCO
                            460 ;	SRC/i2c.c:73: for(cnt=0; cnt<8; cnt++,ch<<=1)
   0031 0B                  461 	inc	r3
   0032 EA                  462 	mov	a,r2
   0033 2A                  463 	add	a,r2
   0034 FA                  464 	mov	r2,a
   0035 80 DF               465 	sjmp	00101$
   0037                     466 00104$:
                            467 ;	SRC/i2c.c:80: MDE=0;//Input
   0037 C2 EE               468 	clr	_MDE
                            469 ;	SRC/i2c.c:81: MCO=1;
   0039 D2 ED               470 	setb	_MCO
                            471 ;	SRC/i2c.c:82: Delay();
   003B 12s00r00            472 	lcall	_Delay
                            473 ;	SRC/i2c.c:83: ack=MDI;
   003E A2 EC               474 	mov	c,_MDI
                            475 ;	SRC/i2c.c:84: MCO=0;
   0040 C2 ED               476 	clr	_MCO
                            477 ;	SRC/i2c.c:85: return ack;
   0042 22                  478 	ret
                            479 ;------------------------------------------------------------
                            480 ;Allocation info for local variables in function 'Start'
                            481 ;------------------------------------------------------------
                            482 ;------------------------------------------------------------
                            483 ;	SRC/i2c.c:97: static void Start(void)
                            484 ;	-----------------------------------------
                            485 ;	 function Start
                            486 ;	-----------------------------------------
   0043                     487 _Start:
                            488 ;	SRC/i2c.c:99: MDE=1;//Output
   0043 D2 EE               489 	setb	_MDE
                            490 ;	SRC/i2c.c:100: MDO=1;
   0045 D2 EF               491 	setb	_MDO
                            492 ;	SRC/i2c.c:101: MCO=1;
   0047 D2 ED               493 	setb	_MCO
                            494 ;	SRC/i2c.c:102: Delay();
   0049 12s00r00            495 	lcall	_Delay
                            496 ;	SRC/i2c.c:103: MDO=0;
   004C C2 EF               497 	clr	_MDO
                            498 ;	SRC/i2c.c:104: Delay();
   004E 12s00r00            499 	lcall	_Delay
                            500 ;	SRC/i2c.c:105: MCO=0;
   0051 C2 ED               501 	clr	_MCO
   0053 22                  502 	ret
                            503 ;------------------------------------------------------------
                            504 ;Allocation info for local variables in function 'Stop'
                            505 ;------------------------------------------------------------
                            506 ;------------------------------------------------------------
                            507 ;	SRC/i2c.c:117: static void Stop(void)
                            508 ;	-----------------------------------------
                            509 ;	 function Stop
                            510 ;	-----------------------------------------
   0054                     511 _Stop:
                            512 ;	SRC/i2c.c:119: MDE=1;//Output
   0054 D2 EE               513 	setb	_MDE
                            514 ;	SRC/i2c.c:120: MCO=0;
   0056 C2 ED               515 	clr	_MCO
                            516 ;	SRC/i2c.c:121: MDO=0;
   0058 C2 EF               517 	clr	_MDO
                            518 ;	SRC/i2c.c:122: MCO=1;
   005A D2 ED               519 	setb	_MCO
                            520 ;	SRC/i2c.c:123: Delay();
   005C 12s00r00            521 	lcall	_Delay
                            522 ;	SRC/i2c.c:124: MDO=1;
   005F D2 EF               523 	setb	_MDO
                            524 ;	SRC/i2c.c:125: Delay();
   0061 12s00r00            525 	lcall	_Delay
                            526 ;	SRC/i2c.c:126: MDE=0;//Input (release line)
   0064 C2 EE               527 	clr	_MDE
   0066 22                  528 	ret
                            529 ;------------------------------------------------------------
                            530 ;Allocation info for local variables in function 'Begin'
                            531 ;------------------------------------------------------------
                            532 ;addr                      Allocated to registers r2 
                            533 ;------------------------------------------------------------
                            534 ;	SRC/i2c.c:140: static bit Begin(unsigned char addr)//Returns ack (0 = acknowledged)
                            535 ;	-----------------------------------------
                            536 ;	 function Begin
                            537 ;	-----------------------------------------
   0067                     538 _Begin:
   0067 AA 82               539 	mov	r2,dpl
                            540 ;	SRC/i2c.c:142: Start();
   0069 C0 02               541 	push	ar2
   006B 12s00r43            542 	lcall	_Start
   006E D0 02               543 	pop	ar2
                            544 ;	SRC/i2c.c:143: return SendByte(addr);
   0070 8A 82               545 	mov	dpl,r2
   0072 02s00r0E            546 	ljmp	_SendByte
                            547 ;------------------------------------------------------------
                            548 ;Allocation info for local variables in function 'Ack'
                            549 ;------------------------------------------------------------
                            550 ;------------------------------------------------------------
                            551 ;	SRC/i2c.c:155: static void Ack(void)//Sends ack
                            552 ;	-----------------------------------------
                            553 ;	 function Ack
                            554 ;	-----------------------------------------
   0075                     555 _Ack:
                            556 ;	SRC/i2c.c:157: MDE=1; //Output
   0075 D2 EE               557 	setb	_MDE
                            558 ;	SRC/i2c.c:158: MCO=0;
   0077 C2 ED               559 	clr	_MCO
                            560 ;	SRC/i2c.c:159: MDO=0;
   0079 C2 EF               561 	clr	_MDO
                            562 ;	SRC/i2c.c:160: MCO=1;
   007B D2 ED               563 	setb	_MCO
                            564 ;	SRC/i2c.c:161: Delay();
   007D 12s00r00            565 	lcall	_Delay
                            566 ;	SRC/i2c.c:162: MCO=0;
   0080 C2 ED               567 	clr	_MCO
   0082 22                  568 	ret
                            569 ;------------------------------------------------------------
                            570 ;Allocation info for local variables in function 'Nack'
                            571 ;------------------------------------------------------------
                            572 ;------------------------------------------------------------
                            573 ;	SRC/i2c.c:174: static void Nack(void)//Sends NAck
                            574 ;	-----------------------------------------
                            575 ;	 function Nack
                            576 ;	-----------------------------------------
   0083                     577 _Nack:
                            578 ;	SRC/i2c.c:176: MDE=1;
   0083 D2 EE               579 	setb	_MDE
                            580 ;	SRC/i2c.c:177: MCO=0;
   0085 C2 ED               581 	clr	_MCO
                            582 ;	SRC/i2c.c:178: MDO=1;
   0087 D2 EF               583 	setb	_MDO
                            584 ;	SRC/i2c.c:179: MCO=1;
   0089 D2 ED               585 	setb	_MCO
                            586 ;	SRC/i2c.c:180: Delay();
   008B 12s00r00            587 	lcall	_Delay
                            588 ;	SRC/i2c.c:181: MCO=0;
   008E C2 ED               589 	clr	_MCO
   0090 22                  590 	ret
                            591 ;------------------------------------------------------------
                            592 ;Allocation info for local variables in function 'GetAck'
                            593 ;------------------------------------------------------------
                            594 ;address                   Allocated to registers r2 
                            595 ;------------------------------------------------------------
                            596 ;	SRC/i2c.c:194: bit GetAck(unsigned char address) //Returns 1 if there was an ACK
                            597 ;	-----------------------------------------
                            598 ;	 function GetAck
                            599 ;	-----------------------------------------
   0091                     600 _GetAck:
   0091 AA 82               601 	mov	r2,dpl
                            602 ;	SRC/i2c.c:196: I2CM=1; //I2C Master mode
   0093 D2 EB               603 	setb	_I2CM
                            604 ;	SRC/i2c.c:197: if( Begin(address&0xFE) ){Stop();return 0;}
   0095 74 FE               605 	mov	a,#0xFE
   0097 5A                  606 	anl	a,r2
   0098 F5 82               607 	mov	dpl,a
   009A 12s00r67            608 	lcall	_Begin
   009D 50 05               609 	jnc	00102$
   009F 12s00r54            610 	lcall	_Stop
   00A2 C3                  611 	clr	c
   00A3 22                  612 	ret
   00A4                     613 00102$:
                            614 ;	SRC/i2c.c:198: Stop();
   00A4 12s00r54            615 	lcall	_Stop
                            616 ;	SRC/i2c.c:200: return 1;
   00A7 D3                  617 	setb	c
   00A8 22                  618 	ret
                            619 ;------------------------------------------------------------
                            620 ;Allocation info for local variables in function 'RecvByte'
                            621 ;------------------------------------------------------------
                            622 ;cnt                       Allocated to registers r3 
                            623 ;ch                        Allocated to registers r2 
                            624 ;------------------------------------------------------------
                            625 ;	SRC/i2c.c:213: unsigned char RecvByte(void)
                            626 ;	-----------------------------------------
                            627 ;	 function RecvByte
                            628 ;	-----------------------------------------
   00A9                     629 _RecvByte:
                            630 ;	SRC/i2c.c:216: unsigned char ch=0;
   00A9 7A 00               631 	mov	r2,#0x00
                            632 ;	SRC/i2c.c:218: MDE=0;//Input
   00AB C2 EE               633 	clr	_MDE
                            634 ;	SRC/i2c.c:219: MCO=0;
   00AD C2 ED               635 	clr	_MCO
                            636 ;	SRC/i2c.c:220: for(cnt=0; cnt<8; cnt++)
   00AF 7B 00               637 	mov	r3,#0x00
   00B1                     638 00101$:
   00B1 C3                  639 	clr	c
   00B2 EB                  640 	mov	a,r3
   00B3 64 80               641 	xrl	a,#0x80
   00B5 94 88               642 	subb	a,#0x88
   00B7 50 1C               643 	jnc	00104$
                            644 ;	SRC/i2c.c:222: ch<<=1;
   00B9 EA                  645 	mov	a,r2
   00BA 2A                  646 	add	a,r2
   00BB FA                  647 	mov	r2,a
                            648 ;	SRC/i2c.c:223: MCO=1;
   00BC D2 ED               649 	setb	_MCO
                            650 ;	SRC/i2c.c:224: Delay();
   00BE C0 02               651 	push	ar2
   00C0 C0 03               652 	push	ar3
   00C2 12s00r00            653 	lcall	_Delay
   00C5 D0 03               654 	pop	ar3
   00C7 D0 02               655 	pop	ar2
                            656 ;	SRC/i2c.c:225: ch|=MDI;
   00C9 A2 EC               657 	mov	c,_MDI
   00CB E4                  658 	clr	a
   00CC 33                  659 	rlc	a
   00CD FC                  660 	mov	r4,a
   00CE 42 02               661 	orl	ar2,a
                            662 ;	SRC/i2c.c:226: MCO=0;
   00D0 C2 ED               663 	clr	_MCO
                            664 ;	SRC/i2c.c:220: for(cnt=0; cnt<8; cnt++)
   00D2 0B                  665 	inc	r3
   00D3 80 DC               666 	sjmp	00101$
   00D5                     667 00104$:
                            668 ;	SRC/i2c.c:228: return ch;
   00D5 8A 82               669 	mov	dpl,r2
   00D7 22                  670 	ret
                            671 ;------------------------------------------------------------
                            672 ;Allocation info for local variables in function 'ReceiveBlock'
                            673 ;------------------------------------------------------------
                            674 ;addr                      Allocated to stack - offset -3
                            675 ;block                     Allocated to stack - offset -5
                            676 ;len                       Allocated to stack - offset -6
                            677 ;address                   Allocated to registers r2 
                            678 ;l                         Allocated to registers r6 
                            679 ;ch                        Allocated to registers r7 
                            680 ;------------------------------------------------------------
                            681 ;	SRC/i2c.c:247: bit ReceiveBlock(unsigned char address, unsigned char addr, unsigned char xdata * block,unsigned char len)
                            682 ;	-----------------------------------------
                            683 ;	 function ReceiveBlock
                            684 ;	-----------------------------------------
   00D8                     685 _ReceiveBlock:
   00D8 C0*00               686 	push	_bp
   00DA 85 81*00            687 	mov	_bp,sp
   00DD AA 82               688 	mov	r2,dpl
                            689 ;	SRC/i2c.c:251: I2CM=1; //I2C Master mode
   00DF D2 EB               690 	setb	_I2CM
                            691 ;	SRC/i2c.c:252: address=(address&0xFE); //Write
   00E1 53 02 FE            692 	anl	ar2,#0xFE
                            693 ;	SRC/i2c.c:254: if(Begin(address)){Stop();return 1;}//Error - No ACK
   00E4 8A 82               694 	mov	dpl,r2
   00E6 C0 02               695 	push	ar2
   00E8 12s00r67            696 	lcall	_Begin
   00EB D0 02               697 	pop	ar2
   00ED 50 07               698 	jnc	00102$
   00EF 12s00r54            699 	lcall	_Stop
   00F2 D3                  700 	setb	c
   00F3 02s01rC1            701 	ljmp	00113$
   00F6                     702 00102$:
                            703 ;	SRC/i2c.c:255: if(SendByte(addr)){Stop();return 1;}
   00F6 A8*00               704 	mov	r0,_bp
   00F8 18                  705 	dec	r0
   00F9 18                  706 	dec	r0
   00FA 18                  707 	dec	r0
   00FB 86 82               708 	mov	dpl,@r0
   00FD C0 02               709 	push	ar2
   00FF 12s00r0E            710 	lcall	_SendByte
   0102 D0 02               711 	pop	ar2
   0104 50 07               712 	jnc	00104$
   0106 12s00r54            713 	lcall	_Stop
   0109 D3                  714 	setb	c
   010A 02s01rC1            715 	ljmp	00113$
   010D                     716 00104$:
                            717 ;	SRC/i2c.c:256: Delay();
   010D C0 02               718 	push	ar2
   010F 12s00r00            719 	lcall	_Delay
                            720 ;	SRC/i2c.c:257: Delay();
   0112 12s00r00            721 	lcall	_Delay
   0115 D0 02               722 	pop	ar2
                            723 ;	SRC/i2c.c:259: address=(address|1);//Read
   0117 43 02 01            724 	orl	ar2,#0x01
                            725 ;	SRC/i2c.c:260: if(Begin(address)) {Stop();return 1;}
   011A 8A 82               726 	mov	dpl,r2
   011C 12s00r67            727 	lcall	_Begin
   011F 50 07               728 	jnc	00106$
   0121 12s00r54            729 	lcall	_Stop
   0124 D3                  730 	setb	c
   0125 02s01rC1            731 	ljmp	00113$
   0128                     732 00106$:
                            733 ;	SRC/i2c.c:261: Delay();
   0128 12s00r00            734 	lcall	_Delay
                            735 ;	SRC/i2c.c:263: if(len-1)
   012B E5*00               736 	mov	a,_bp
   012D 24 FA               737 	add	a,#0xfa
   012F F8                  738 	mov	r0,a
   0130 86 02               739 	mov	ar2,@r0
   0132 7B 00               740 	mov	r3,#0x00
   0134 EA                  741 	mov	a,r2
   0135 24 FF               742 	add	a,#0xff
   0137 FC                  743 	mov	r4,a
   0138 EB                  744 	mov	a,r3
   0139 34 FF               745 	addc	a,#0xff
   013B FD                  746 	mov	r5,a
   013C 4C                  747 	orl	a,r4
   013D 60 64               748 	jz	00108$
                            749 ;	SRC/i2c.c:265: for(l=0;l<(len-1);l++)
   013F 1A                  750 	dec	r2
   0140 BA FF 01            751 	cjne	r2,#0xff,00126$
   0143 1B                  752 	dec	r3
   0144                     753 00126$:
   0144 E5*00               754 	mov	a,_bp
   0146 24 FB               755 	add	a,#0xfb
   0148 F8                  756 	mov	r0,a
   0149 86 04               757 	mov	ar4,@r0
   014B 08                  758 	inc	r0
   014C 86 05               759 	mov	ar5,@r0
   014E 7E 00               760 	mov	r6,#0x00
   0150                     761 00109$:
   0150 C0 04               762 	push	ar4
   0152 C0 05               763 	push	ar5
   0154 8E 07               764 	mov	ar7,r6
   0156 7C 00               765 	mov	r4,#0x00
   0158 C3                  766 	clr	c
   0159 EF                  767 	mov	a,r7
   015A 9A                  768 	subb	a,r2
   015B EC                  769 	mov	a,r4
   015C 64 80               770 	xrl	a,#0x80
   015E 8B F0               771 	mov	b,r3
   0160 63 F0 80            772 	xrl	b,#0x80
   0163 95 F0               773 	subb	a,b
   0165 D0 05               774 	pop	ar5
   0167 D0 04               775 	pop	ar4
   0169 50 2E               776 	jnc	00121$
                            777 ;	SRC/i2c.c:267: ch=RecvByte();
   016B C0 02               778 	push	ar2
   016D C0 03               779 	push	ar3
   016F C0 04               780 	push	ar4
   0171 C0 05               781 	push	ar5
   0173 C0 06               782 	push	ar6
   0175 12s00rA9            783 	lcall	_RecvByte
   0178 AF 82               784 	mov	r7,dpl
                            785 ;	SRC/i2c.c:268: Ack();
   017A C0 07               786 	push	ar7
   017C 12s00r75            787 	lcall	_Ack
   017F D0 07               788 	pop	ar7
   0181 D0 06               789 	pop	ar6
   0183 D0 05               790 	pop	ar5
   0185 D0 04               791 	pop	ar4
   0187 D0 03               792 	pop	ar3
   0189 D0 02               793 	pop	ar2
                            794 ;	SRC/i2c.c:269: *block++=ch;
   018B 8C 82               795 	mov	dpl,r4
   018D 8D 83               796 	mov	dph,r5
   018F EF                  797 	mov	a,r7
   0190 F0                  798 	movx	@dptr,a
   0191 A3                  799 	inc	dptr
   0192 AC 82               800 	mov	r4,dpl
   0194 AD 83               801 	mov	r5,dph
                            802 ;	SRC/i2c.c:265: for(l=0;l<(len-1);l++)
   0196 0E                  803 	inc	r6
   0197 80 B7               804 	sjmp	00109$
   0199                     805 00121$:
   0199 E5*00               806 	mov	a,_bp
   019B 24 FB               807 	add	a,#0xfb
   019D F8                  808 	mov	r0,a
   019E A6 04               809 	mov	@r0,ar4
   01A0 08                  810 	inc	r0
   01A1 A6 05               811 	mov	@r0,ar5
   01A3                     812 00108$:
                            813 ;	SRC/i2c.c:273: ch=RecvByte();
   01A3 12s00rA9            814 	lcall	_RecvByte
   01A6 AA 82               815 	mov	r2,dpl
   01A8 8A 07               816 	mov	ar7,r2
                            817 ;	SRC/i2c.c:274: Nack();
   01AA C0 07               818 	push	ar7
   01AC 12s00r83            819 	lcall	_Nack
   01AF D0 07               820 	pop	ar7
                            821 ;	SRC/i2c.c:275: *block=ch;
   01B1 E5*00               822 	mov	a,_bp
   01B3 24 FB               823 	add	a,#0xfb
   01B5 F8                  824 	mov	r0,a
   01B6 86 82               825 	mov	dpl,@r0
   01B8 08                  826 	inc	r0
   01B9 86 83               827 	mov	dph,@r0
   01BB EF                  828 	mov	a,r7
   01BC F0                  829 	movx	@dptr,a
                            830 ;	SRC/i2c.c:276: Stop();
   01BD 12s00r54            831 	lcall	_Stop
                            832 ;	SRC/i2c.c:277: return 0;
   01C0 C3                  833 	clr	c
   01C1                     834 00113$:
   01C1 D0*00               835 	pop	_bp
   01C3 22                  836 	ret
                            837 ;------------------------------------------------------------
                            838 ;Allocation info for local variables in function 'TransmitBlock'
                            839 ;------------------------------------------------------------
                            840 ;addr                      Allocated to stack - offset -3
                            841 ;block                     Allocated to stack - offset -5
                            842 ;len                       Allocated to stack - offset -6
                            843 ;address                   Allocated to registers r2 
                            844 ;ch                        Allocated to registers 
                            845 ;l                         Allocated to registers r2 
                            846 ;------------------------------------------------------------
                            847 ;	SRC/i2c.c:297: bit TransmitBlock(unsigned char address, unsigned char addr, unsigned char xdata * block,unsigned char len)
                            848 ;	-----------------------------------------
                            849 ;	 function TransmitBlock
                            850 ;	-----------------------------------------
   01C4                     851 _TransmitBlock:
   01C4 C0*00               852 	push	_bp
   01C6 85 81*00            853 	mov	_bp,sp
   01C9 AA 82               854 	mov	r2,dpl
                            855 ;	SRC/i2c.c:301: I2CM=1; //I2C Master mode
   01CB D2 EB               856 	setb	_I2CM
                            857 ;	SRC/i2c.c:302: address=(address&0xFE); //Write
   01CD 53 02 FE            858 	anl	ar2,#0xFE
                            859 ;	SRC/i2c.c:303: if(Begin(address)) {Stop();return 1;}//Error - no Ack
   01D0 8A 82               860 	mov	dpl,r2
   01D2 12s00r67            861 	lcall	_Begin
   01D5 50 06               862 	jnc	00102$
   01D7 12s00r54            863 	lcall	_Stop
   01DA D3                  864 	setb	c
   01DB 80 52               865 	sjmp	00111$
   01DD                     866 00102$:
                            867 ;	SRC/i2c.c:304: if(SendByte(addr)) {Stop();return 1;}
   01DD A8*00               868 	mov	r0,_bp
   01DF 18                  869 	dec	r0
   01E0 18                  870 	dec	r0
   01E1 18                  871 	dec	r0
   01E2 86 82               872 	mov	dpl,@r0
   01E4 12s00r0E            873 	lcall	_SendByte
   01E7 50 06               874 	jnc	00117$
   01E9 12s00r54            875 	lcall	_Stop
   01EC D3                  876 	setb	c
                            877 ;	SRC/i2c.c:306: for(l=0; l<len; l++,block++)
   01ED 80 40               878 	sjmp	00111$
   01EF                     879 00117$:
   01EF 7A 00               880 	mov	r2,#0x00
   01F1 E5*00               881 	mov	a,_bp
   01F3 24 FB               882 	add	a,#0xfb
   01F5 F8                  883 	mov	r0,a
   01F6 86 03               884 	mov	ar3,@r0
   01F8 08                  885 	inc	r0
   01F9 86 04               886 	mov	ar4,@r0
   01FB                     887 00107$:
   01FB E5*00               888 	mov	a,_bp
   01FD 24 FA               889 	add	a,#0xfa
   01FF F8                  890 	mov	r0,a
   0200 C3                  891 	clr	c
   0201 EA                  892 	mov	a,r2
   0202 96                  893 	subb	a,@r0
   0203 50 26               894 	jnc	00110$
                            895 ;	SRC/i2c.c:308: ch=*block;
   0205 8B 82               896 	mov	dpl,r3
   0207 8C 83               897 	mov	dph,r4
   0209 E0                  898 	movx	a,@dptr
   020A F5 82               899 	mov	dpl,a
                            900 ;	SRC/i2c.c:309: if(SendByte(ch)){ Stop(); return 1;}//Not to the end of the block
   020C C0 02               901 	push	ar2
   020E C0 03               902 	push	ar3
   0210 C0 04               903 	push	ar4
   0212 12s00r0E            904 	lcall	_SendByte
   0215 D0 04               905 	pop	ar4
   0217 D0 03               906 	pop	ar3
   0219 D0 02               907 	pop	ar2
   021B 50 06               908 	jnc	00109$
   021D 12s00r54            909 	lcall	_Stop
   0220 D3                  910 	setb	c
   0221 80 0C               911 	sjmp	00111$
   0223                     912 00109$:
                            913 ;	SRC/i2c.c:306: for(l=0; l<len; l++,block++)
   0223 0A                  914 	inc	r2
   0224 0B                  915 	inc	r3
   0225 BB 00 D3            916 	cjne	r3,#0x00,00107$
   0228 0C                  917 	inc	r4
   0229 80 D0               918 	sjmp	00107$
   022B                     919 00110$:
                            920 ;	SRC/i2c.c:311: Stop();
   022B 12s00r54            921 	lcall	_Stop
                            922 ;	SRC/i2c.c:312: return 0;
   022E C3                  923 	clr	c
   022F                     924 00111$:
   022F D0*00               925 	pop	_bp
   0231 22                  926 	ret
                            927 	.area CSEG    (CODE)
                            928 	.area CONST   (CODE)
                            929 	.area XINIT   (CODE)
                            930 	.area CABS    (ABS,CODE)
